<?xml version="1.0" encoding="UTF-8"?>
<!-- Generated by org.testng.reporters.JUnitReportReporter -->
<testsuite hostname="Pravin" failures="0" tests="1" name="testNG.ZerodhakiteAppTest" time="4.176" errors="0" timestamp="2021-12-18T15:12:19 IST" skipped="0">
  <testcase classname="testNG.ZerodhakiteAppTest" name="UserIDValid" time="4.176"/>
  <system-out>
    <![CDATA[Validating UserID
User ID Matching, TC 13 is passed
Taking screenshot]]>
  </system-out>
</testsuite> <!-- testNG.ZerodhakiteAppTest -->
